<?xml version="1.0" encoding="UTF-8"?>
<testsuite xmlns:xsi="http://www.w3.org/2001/XMLSchema-instance" xsi:noNamespaceSchemaLocation="https://maven.apache.org/surefire/maven-surefire-plugin/xsd/surefire-test-report.xsd" name="it.polimi.ingsw.DevelopmentBuyTest" time="0.022" tests="13" errors="0" skipped="0" failures="0">
  <properties>
[...]
</properties>
  <testcase name="testCannotBuyDCCardResources" classname="it.polimi.ingsw.DevelopmentBuyTest" time="0.002"/>
  <testcase name="testCannotBuyDCCardSlot{Colours, int, int, ArrayList}[1]" classname="it.polimi.ingsw.DevelopmentBuyTest" time="0.002"/>
  <testcase name="testCannotBuyDCCardSlot{Colours, int, int, ArrayList}[2]" classname="it.polimi.ingsw.DevelopmentBuyTest" time="0.002"/>
  <testcase name="testCannotBuyDCCardSlot{Colours, int, int, ArrayList}[3]" classname="it.polimi.ingsw.DevelopmentBuyTest" time="0.001"/>
  <testcase name="testCannotBuyDCCardSlot{Colours, int, int, ArrayList}[4]" classname="it.polimi.ingsw.DevelopmentBuyTest" time="0.001"/>
  <testcase name="testCanBuyDCardFromSB" classname="it.polimi.ingsw.DevelopmentBuyTest" time="0.002"/>
  <testcase name="testCannotBuyDCEmpty" classname="it.polimi.ingsw.DevelopmentBuyTest" time="0.001"/>
  <testcase name="testCanBuyFromExtraSlot" classname="it.polimi.ingsw.DevelopmentBuyTest" time="0.002"/>
  <testcase name="testCanBuyDCCardFromSBAndWH" classname="it.polimi.ingsw.DevelopmentBuyTest" time="0.001"/>
  <testcase name="testCanBuyFromExtraSlotWithDiscount" classname="it.polimi.ingsw.DevelopmentBuyTest" time="0.002"/>
  <testcase name="testCanBuyDCard" classname="it.polimi.ingsw.DevelopmentBuyTest" time="0.001"/>
  <testcase name="testCannotBuyDCCardWithDiscount" classname="it.polimi.ingsw.DevelopmentBuyTest" time="0.002"/>
  <testcase name="testCanBuyDCCardWithDiscount" classname="it.polimi.ingsw.DevelopmentBuyTest" time="0.001"/>
</testsuite>