<?xml version="1.0" encoding="UTF-8"?>
<testsuite xmlns:xsi="http://www.w3.org/2001/XMLSchema-instance" xsi:noNamespaceSchemaLocation="https://maven.apache.org/surefire/maven-surefire-plugin/xsd/surefire-test-report.xsd" name="it.polimi.ingsw.ParsingTest" time="0.009" tests="7" errors="0" skipped="0" failures="0">
  <properties>
[...]
</properties>
  <testcase name="testParsingDC{Colours, int, int, HashMap, HashMap, HashMap, int}[1]" classname="it.polimi.ingsw.ParsingTest" time="0.001"/>
  <testcase name="testParsingDC{Colours, int, int, HashMap, HashMap, HashMap, int}[2]" classname="it.polimi.ingsw.ParsingTest" time="0.002"/>
  <testcase name="testParsingDC{Colours, int, int, HashMap, HashMap, HashMap, int}[3]" classname="it.polimi.ingsw.ParsingTest" time="0.001"/>
  <testcase name="testParsingDC{Colours, int, int, HashMap, HashMap, HashMap, int}[4]" classname="it.polimi.ingsw.ParsingTest" time="0.001"/>
  <testcase name="testParsingLC" classname="it.polimi.ingsw.ParsingTest" time="0.001"/>
  <testcase name="testParsingNumberDC" classname="it.polimi.ingsw.ParsingTest" time="0.001"/>
  <testcase name="testParsingNumberLC" classname="it.polimi.ingsw.ParsingTest" time="0.001"/>
</testsuite>